<?xml version="1.0" encoding="UTF-8"?>
<!-- Generated by org.testng.reporters.JUnitReportReporter -->
<testsuite hostname="DESKTOP-2EROCFA" failures="0" tests="1" name="com.Test.TC_002_verifyRegistration" time="6.636" errors="0" timestamp="2022-06-01T16:31:57 IST" skipped="0">
  <testcase classname="com.Test.TC_002_verifyRegistration" name="verify_registration" time="6.636"/>
  <system-out/>
</testsuite> <!-- com.Test.TC_002_verifyRegistration -->
